Copyright 1986-2020 Xilinx, Inc. All Rights Reserved.
------------------------------------------------------------------------------------------------------------------
| Tool Version : Vivado v.2020.2 (win64) Build 3064766 Wed Nov 18 09:12:45 MST 2020
| Date         : Sun Mar 22 22:39:51 2026
| Host         : DESKTOP-SFB4JCN running 64-bit major release  (build 9200)
| Command      : report_drc -file RV32I_top_drc_opted.rpt -pb RV32I_top_drc_opted.pb -rpx RV32I_top_drc_opted.rpx
| Design       : RV32I_top
| Device       : xc7a35tcpg236-1
| Speed File   : -1
| Design State : Synthesized
------------------------------------------------------------------------------------------------------------------

Report DRC

Table of Contents
-----------------
1. REPORT SUMMARY
2. REPORT DETAILS

1. REPORT SUMMARY
-----------------
            Netlist: netlist
          Floorplan: design_1
      Design limits: <entire design considered>
           Ruledeck: default
             Max violations: <unlimited>
             Violations found: 3
+--------+------------------+------------------------------------------------+------------+
| Rule   | Severity         | Description                                    | Violations |
+--------+------------------+------------------------------------------------+------------+
| NSTD-1 | Critical Warning | Unspecified I/O Standard                       | 1          |
| UCIO-1 | Critical Warning | Unconstrained Logical Port                     | 1          |
| PLIO-3 | Warning          | Placement Constraints Check for IO constraints | 1          |
+--------+------------------+------------------------------------------------+------------+

2. REPORT DETAILS
-----------------
NSTD-1#1 Critical Warning
Unspecified I/O Standard  
29 out of 34 logical ports use I/O standard (IOSTANDARD) value 'DEFAULT', instead of a user assigned specific value. This may cause I/O contention or incompatibility with the board power or connectivity affecting performance, signal integrity or in extreme cases cause damage to the device or the components to which it is connected. To correct this violation, specify all I/O standards. This design will fail to generate a bitstream unless all logical ports have a user specified I/O standard value defined. To allow bitstream creation with unspecified I/O standard values (not recommended), use this command: set_property SEVERITY {Warning} [get_drc_checks NSTD-1].  NOTE: When using the Vivado Runs infrastructure (e.g. launch_runs Tcl command), add this command to a .tcl file and add that file as a pre-hook for write_bitstream step for the implementation run. Problem ports: instr_addr[17], instr_addr[18], instr_addr[19], instr_addr[20],
instr_addr[21], instr_addr[22], instr_addr[23], instr_addr[24],
instr_addr[25], instr_addr[26], instr_addr[27], instr_addr[28],
instr_addr[29], instr_addr[30], instr_addr[31]
 (the first 15 of 29 listed).
Related violations: <none>

UCIO-1#1 Critical Warning
Unconstrained Logical Port  
29 out of 34 logical ports have no user assigned specific location constraint (LOC). This may cause I/O contention or incompatibility with the board power or connectivity affecting performance, signal integrity or in extreme cases cause damage to the device or the components to which it is connected. To correct this violation, specify all pin locations. This design will fail to generate a bitstream unless all logical ports have a user specified site LOC constraint defined.  To allow bitstream creation with unspecified pin locations (not recommended), use this command: set_property SEVERITY {Warning} [get_drc_checks UCIO-1].  NOTE: When using the Vivado Runs infrastructure (e.g. launch_runs Tcl command), add this command to a .tcl file and add that file as a pre-hook for write_bitstream step for the implementation run.  Problem ports: instr_addr[17], instr_addr[18], instr_addr[19], instr_addr[20],
instr_addr[21], instr_addr[22], instr_addr[23], instr_addr[24],
instr_addr[25], instr_addr[26], instr_addr[27], instr_addr[28],
instr_addr[29], instr_addr[30], instr_addr[31]
 (the first 15 of 29 listed).
Related violations: <none>

PLIO-3#1 Warning
Placement Constraints Check for IO constraints  
Partially locked IO Bus is found. Following components of the IO Bus instr_addr[31:0] are not locked:  instr_addr[31] instr_addr[30] instr_addr[29] instr_addr[28] instr_addr[27] instr_addr[26] instr_addr[25] instr_addr[24] instr_addr[23] instr_addr[22] instr_addr[21] instr_addr[20] instr_addr[19] instr_addr[18] instr_addr[17] instr_addr[16] instr_addr[15] instr_addr[14] instr_addr[13] instr_addr[12] instr_addr[11] instr_addr[10] instr_addr[9] instr_addr[8] instr_addr[7] instr_addr[6] instr_addr[5] instr_addr[4]
Related violations: <none>


