Vivado Simulator 2020.2
Copyright 1986-1999, 2001-2020 Xilinx, Inc. All Rights Reserved.
Running: C:/Xilinx/Vivado/2020.2/bin/unwrapped/win64.o/xelab.exe -wto 0bf42cf5e08946118c053b1b2995e35c --incr --debug typical --relax --mt 2 -L xil_defaultlib -L uvm -L unisims_ver -L unimacro_ver -L secureip --snapshot tb_sum_cpu2_behav xil_defaultlib.tb_sum_cpu2 xil_defaultlib.glbl -log elaborate.log 
Using 2 slave threads.
Starting static elaboration
Pass Through NonSizing Optimizer
WARNING: [VRFC 10-3091] actual bit length 32 differs from formal bit length 8 for port 'a' [D:/Ondevice/RISC_V/RISC_V/0305_dedication_cpu/0305_dedication_cpu.srcs/sources_1/new/sum_cpu2.sv:148]
WARNING: [VRFC 10-3091] actual bit length 32 differs from formal bit length 8 for port 'a' [D:/Ondevice/RISC_V/RISC_V/0305_dedication_cpu/0305_dedication_cpu.srcs/sources_1/new/sum_cpu2.sv:155]
Completed static elaboration
Starting simulation data flow analysis
Completed simulation data flow analysis
Time Resolution for simulation is 1ps
Compiling module xil_defaultlib.control_unit
Compiling module xil_defaultlib.register
Compiling module xil_defaultlib.alu
Compiling module xil_defaultlib.mux_2X1
Compiling module xil_defaultlib.alt11_compare
Compiling module xil_defaultlib.datapath
Compiling module xil_defaultlib.sum_cpu2
Compiling module xil_defaultlib.tb_sum_cpu2
Compiling module xil_defaultlib.glbl
Built simulation snapshot tb_sum_cpu2_behav
