INFO: [VRFC 10-2263] Analyzing SystemVerilog file "D:/Ondevice/RISC_V/RISC_V/0305_dedication_cpu/0305_dedication_cpu.srcs/sources_1/new/dedicated_cpu1_repeat.sv" into library xil_defaultlib
INFO: [VRFC 10-311] analyzing module dedicated_cpu1_repeat
INFO: [VRFC 10-311] analyzing module control_unit
INFO: [VRFC 10-311] analyzing module datapath
INFO: [VRFC 10-311] analyzing module areg
INFO: [VRFC 10-311] analyzing module alu
INFO: [VRFC 10-311] analyzing module alt10_compare
INFO: [VRFC 10-311] analyzing module mux_2X1
INFO: [VRFC 10-2263] Analyzing SystemVerilog file "D:/Ondevice/RISC_V/RISC_V/0305_dedication_cpu/0305_dedication_cpu.srcs/sources_1/new/sum_cpu2.sv" into library xil_defaultlib
INFO: [VRFC 10-311] analyzing module sum_cpu2
INFO: [VRFC 10-311] analyzing module control_unit
WARNING: [VRFC 10-3609] overwriting previous definition of module 'control_unit' [D:/Ondevice/RISC_V/RISC_V/0305_dedication_cpu/0305_dedication_cpu.srcs/sources_1/new/sum_cpu2.sv:17]
INFO: [VRFC 10-311] analyzing module datapath
WARNING: [VRFC 10-3609] overwriting previous definition of module 'datapath' [D:/Ondevice/RISC_V/RISC_V/0305_dedication_cpu/0305_dedication_cpu.srcs/sources_1/new/sum_cpu2.sv:104]
INFO: [VRFC 10-311] analyzing module register
INFO: [VRFC 10-311] analyzing module alu
WARNING: [VRFC 10-3609] overwriting previous definition of module 'alu' [D:/Ondevice/RISC_V/RISC_V/0305_dedication_cpu/0305_dedication_cpu.srcs/sources_1/new/sum_cpu2.sv:190]
INFO: [VRFC 10-311] analyzing module mux_2X1
WARNING: [VRFC 10-3609] overwriting previous definition of module 'mux_2X1' [D:/Ondevice/RISC_V/RISC_V/0305_dedication_cpu/0305_dedication_cpu.srcs/sources_1/new/sum_cpu2.sv:199]
INFO: [VRFC 10-311] analyzing module alt11_compare
INFO: [VRFC 10-2263] Analyzing SystemVerilog file "D:/Ondevice/RISC_V/RISC_V/0305_dedication_cpu/0305_dedication_cpu.srcs/sim_1/new/tb_sum_cpu2.sv" into library xil_defaultlib
INFO: [VRFC 10-311] analyzing module tb_sum_cpu2
